Build started 9/24/2014 11:29:50 AM.
     1>Project "Z:\Win7Files\Documents\GitHub\Optim-project1\gorwal-1a\gorwal-1a\gorwal-1a.vcxproj" on node 2 (build target(s)).
     1>InitializeBuildStatus:
         Creating "Debug\gorwal-1a.unsuccessfulbuild" because "AlwaysCreate" was specified.
       ClCompile:
         All outputs are up-to-date.
       ManifestResourceCompile:
         C:\Program Files (x86)\Microsoft SDKs\Windows\v7.0A\bin\rc.exe /nologo /fo"Debug\gorwal-1a.exe.embed.manifest.res" Debug\gorwal-1a_manifest.rc 
       Link:
         C:\Program Files (x86)\Microsoft Visual Studio 10.0\VC\bin\link.exe /ERRORREPORT:PROMPT /OUT:"Z:\Win7Files\Documents\GitHub\Optim-project1\gorwal-1a\Debug\gorwal-1a.exe" /INCREMENTAL /NOLOGO kernel32.lib user32.lib gdi32.lib winspool.lib comdlg32.lib advapi32.lib shell32.lib ole32.lib oleaut32.lib uuid.lib odbc32.lib odbccp32.lib /MANIFEST /ManifestFile:"Debug\gorwal-1a.exe.intermediate.manifest" /MANIFESTUAC:"level='asInvoker' uiAccess='false'" /DEBUG /PDB:"Z:\Win7Files\Documents\GitHub\Optim-project1\gorwal-1a\Debug\gorwal-1a.pdb" /SUBSYSTEM:CONSOLE /TLBID:1 /DYNAMICBASE /NXCOMPAT /IMPLIB:"Z:\Win7Files\Documents\GitHub\Optim-project1\gorwal-1a\Debug\gorwal-1a.lib" /MACHINE:X86 "Debug\gorwal-1a.exe.embed.manifest.res"
         Debug\code.obj
         Debug\Main.obj
       Manifest:
         C:\Program Files (x86)\Microsoft SDKs\Windows\v7.0A\bin\mt.exe /nologo /verbose /out:"Debug\gorwal-1a.exe.embed.manifest" /manifest "Debug\gorwal-1a.exe.intermediate.manifest"
         C:\Program Files (x86)\Microsoft SDKs\Windows\v7.0A\bin\rc.exe /nologo /fo"Debug\gorwal-1a.exe.embed.manifest.res" Debug\gorwal-1a_manifest.rc 
       LinkEmbedManifest:
         C:\Program Files (x86)\Microsoft Visual Studio 10.0\VC\bin\link.exe /ERRORREPORT:PROMPT /OUT:"Z:\Win7Files\Documents\GitHub\Optim-project1\gorwal-1a\Debug\gorwal-1a.exe" /INCREMENTAL /NOLOGO kernel32.lib user32.lib gdi32.lib winspool.lib comdlg32.lib advapi32.lib shell32.lib ole32.lib oleaut32.lib uuid.lib odbc32.lib odbccp32.lib /MANIFEST /ManifestFile:"Debug\gorwal-1a.exe.intermediate.manifest" /MANIFESTUAC:"level='asInvoker' uiAccess='false'" /DEBUG /PDB:"Z:\Win7Files\Documents\GitHub\Optim-project1\gorwal-1a\Debug\gorwal-1a.pdb" /SUBSYSTEM:CONSOLE /TLBID:1 /DYNAMICBASE /NXCOMPAT /IMPLIB:"Z:\Win7Files\Documents\GitHub\Optim-project1\gorwal-1a\Debug\gorwal-1a.lib" /MACHINE:X86 "Debug\gorwal-1a.exe.embed.manifest.res"
         Debug\code.obj
         Debug\Main.obj
         gorwal-1a.vcxproj -> Z:\Win7Files\Documents\GitHub\Optim-project1\gorwal-1a\Debug\gorwal-1a.exe
       FinalizeBuildStatus:
         Deleting file "Debug\gorwal-1a.unsuccessfulbuild".
         Touching "Debug\gorwal-1a.lastbuildstate".
     1>Done Building Project "Z:\Win7Files\Documents\GitHub\Optim-project1\gorwal-1a\gorwal-1a\gorwal-1a.vcxproj" (build target(s)).

Build succeeded.

Time Elapsed 00:00:05.52
